<?xml version="1.0" encoding="UTF-8"?>
<testsuite name="PersonalAssistantTest" tests="1" skipped="0" failures="0" errors="0" timestamp="2019-09-02T16:59:41" hostname="Boki-PC" time="0.094">
  <properties/>
  <testcase name="start" classname="PersonalAssistantTest" time="0.094"/>
  <system-out><![CDATA[Hello! My name is Aid.
I was created in 2018.
Please, remind me your name.
What a great name you have, Marry!
Let me guess your age.
Say me remainders of dividing your age by 3, 5 and 7.
Your age is 40; that's a good time to start programming!
Now I will prove to you that I can count to any number you want.
0!
1!
2!
3!
4!
5!
6!
7!
8!
9!
10!
Let's test your programming knowledge.
How many integer types we have in Java?
1. four
2. three
3. two
4. one
Congratulations, have a nice day!
]]></system-out>
  <system-err><![CDATA[Start test 1
]]></system-err>
</testsuite>
